<?xml version="1.0" encoding="UTF-8"?>
<!-- Generated by org.testng.reporters.JUnitReportReporter -->
<testsuite hostname="EC2AMAZ-S11DBRH" failures="0" tests="1" name="firstTestngDemoTest.FirstDemoScript" time="20.585" errors="0" timestamp="2024-02-05T03:22:00 GMT" skipped="0">
  <testcase classname="firstTestngDemoTest.FirstDemoScript" name="login" time="20.585"/>
  <system-out/>
</testsuite> <!-- firstTestngDemoTest.FirstDemoScript -->
